# JRE version: OpenJDK Runtime Environment (8.0_76-b03) (build 1.8.0_76-release-b03)
# Java VM: OpenJDK 64-Bit Server VM (25.76-b03 mixed mode windows-amd64 compressed oops)
Heap:
 PSYoungGen      total 138240K, used 35466K [0x00000000eab00000, 0x00000000fa900000, 0x0000000100000000)
  eden space 127488K, 27% used [0x00000000eab00000,0x00000000ecda2ac8,0x00000000f2780000)
  from space 10752K, 0% used [0x00000000f2780000,0x00000000f2780000,0x00000000f3200000)
  to   space 13824K, 0% used [0x00000000f9b80000,0x00000000f9b80000,0x00000000fa900000)
 ParOldGen       total 47104K, used 19649K [0x00000000c0000000, 0x00000000c2e00000, 0x00000000eab00000)
  object space 47104K, 41% used [0x00000000c0000000,0x00000000c13307d8,0x00000000c2e00000)
 Metaspace       used 35147K, capacity 35880K, committed 36184K, reserved 1081344K
  class space    used 4724K, capacity 4942K, committed 4952K, reserved 1048576K
GC Heap History (10 events):
Event: 19.387 GC heap before
{Heap before GC invocations=5 (full 0):
 PSYoungGen      total 68096K, used 26117K [0x00000000eab00000, 0x00000000ef000000, 0x0000000100000000)
  eden space 65536K, 35% used [0x00000000eab00000,0x00000000ec2055d0,0x00000000eeb00000)
  from space 2560K, 99% used [0x00000000eed80000,0x00000000eeffc010,0x00000000ef000000)
  to   space 2560K, 0% used [0x00000000eeb00000,0x00000000eeb00000,0x00000000eed80000)
 ParOldGen       total 44032K, used 8364K [0x00000000c0000000, 0x00000000c2b00000, 0x00000000eab00000)
  object space 44032K, 18% used [0x00000000c0000000,0x00000000c082b1d8,0x00000000c2b00000)
 Metaspace       used 20765K, capacity 21122K, committed 21248K, reserved 1067008K
  class space    used 2802K, capacity 2946K, committed 3072K, reserved 1048576K
Event: 19.450 GC heap after
Heap after GC invocations=5 (full 0):
 PSYoungGen      total 68096K, used 2544K [0x00000000eab00000, 0x00000000f3e00000, 0x0000000100000000)
  eden space 65536K, 0% used [0x00000000eab00000,0x00000000eab00000,0x00000000eeb00000)
  from space 2560K, 99% used [0x00000000eeb00000,0x00000000eed7c010,0x00000000eed80000)
  to   space 9728K, 0% used [0x00000000f3480000,0x00000000f3480000,0x00000000f3e00000)
 ParOldGen       total 44032K, used 13310K [0x00000000c0000000, 0x00000000c2b00000, 0x00000000eab00000)
  object space 44032K, 30% used [0x00000000c0000000,0x00000000c0cff930,0x00000000c2b00000)
 Metaspace       used 20765K, capacity 21122K, committed 21248K, reserved 1067008K
  class space    used 2802K, capacity 2946K, committed 3072K, reserved 1048576K
}
Event: 19.450 GC heap before
{Heap before GC invocations=6 (full 1):
 PSYoungGen      total 68096K, used 2544K [0x00000000eab00000, 0x00000000f3e00000, 0x0000000100000000)
  eden space 65536K, 0% used [0x00000000eab00000,0x00000000eab00000,0x00000000eeb00000)
  from space 2560K, 99% used [0x00000000eeb00000,0x00000000eed7c010,0x00000000eed80000)
  to   space 9728K, 0% used [0x00000000f3480000,0x00000000f3480000,0x00000000f3e00000)
 ParOldGen       total 44032K, used 13310K [0x00000000c0000000, 0x00000000c2b00000, 0x00000000eab00000)
  object space 44032K, 30% used [0x00000000c0000000,0x00000000c0cff930,0x00000000c2b00000)
 Metaspace       used 20765K, capacity 21122K, committed 21248K, reserved 1067008K
  class space    used 2802K, capacity 2946K, committed 3072K, reserved 1048576K
Event: 19.589 GC heap after
Heap after GC invocations=6 (full 1):
 PSYoungGen      total 68096K, used 0K [0x00000000eab00000, 0x00000000f3e00000, 0x0000000100000000)
  eden space 65536K, 0% used [0x00000000eab00000,0x00000000eab00000,0x00000000eeb00000)
  from space 2560K, 0% used [0x00000000eeb00000,0x00000000eeb00000,0x00000000eed80000)
  to   space 9728K, 0% used [0x00000000f3480000,0x00000000f3480000,0x00000000f3e00000)
 ParOldGen       total 37376K, used 12436K [0x00000000c0000000, 0x00000000c2480000, 0x00000000eab00000)
  object space 37376K, 33% used [0x00000000c0000000,0x00000000c0c251c0,0x00000000c2480000)
 Metaspace       used 20765K, capacity 21122K, committed 21248K, reserved 1067008K
  class space    used 2802K, capacity 2946K, committed 3072K, reserved 1048576K
}
Event: 71.055 GC heap before
{Heap before GC invocations=7 (full 1):
 PSYoungGen      total 68096K, used 65536K [0x00000000eab00000, 0x00000000f3e00000, 0x0000000100000000)
  eden space 65536K, 100% used [0x00000000eab00000,0x00000000eeb00000,0x00000000eeb00000)
  from space 2560K, 0% used [0x00000000eeb00000,0x00000000eeb00000,0x00000000eed80000)
  to   space 9728K, 0% used [0x00000000f3480000,0x00000000f3480000,0x00000000f3e00000)
 ParOldGen       total 37376K, used 12436K [0x00000000c0000000, 0x00000000c2480000, 0x00000000eab00000)
  object space 37376K, 33% used [0x00000000c0000000,0x00000000c0c251c0,0x00000000c2480000)
 Metaspace       used 25741K, capacity 26390K, committed 26624K, reserved 1073152K
  class space    used 3514K, capacity 3717K, committed 3840K, reserved 1048576K
Event: 71.215 GC heap after
Heap after GC invocations=7 (full 1):
 PSYoungGen      total 132608K, used 8090K [0x00000000eab00000, 0x00000000f3c80000, 0x0000000100000000)
  eden space 124416K, 0% used [0x00000000eab00000,0x00000000eab00000,0x00000000f2480000)
  from space 8192K, 98% used [0x00000000f3480000,0x00000000f3c668e8,0x00000000f3c80000)
  to   space 10752K, 0% used [0x00000000f2780000,0x00000000f2780000,0x00000000f3200000)
 ParOldGen       total 37376K, used 12436K [0x00000000c0000000, 0x00000000c2480000, 0x00000000eab00000)
  object space 37376K, 33% used [0x00000000c0000000,0x00000000c0c251c0,0x00000000c2480000)
 Metaspace       used 25741K, capacity 26390K, committed 26624K, reserved 1073152K
  class space    used 3514K, capacity 3717K, committed 3840K, reserved 1048576K
}
Event: 80.431 GC heap before
{Heap before GC invocations=8 (full 1):
 PSYoungGen      total 132608K, used 124009K [0x00000000eab00000, 0x00000000f3c80000, 0x0000000100000000)
  eden space 124416K, 93% used [0x00000000eab00000,0x00000000f1c33d40,0x00000000f2480000)
  from space 8192K, 98% used [0x00000000f3480000,0x00000000f3c668e8,0x00000000f3c80000)
  to   space 10752K, 0% used [0x00000000f2780000,0x00000000f2780000,0x00000000f3200000)
 ParOldGen       total 37376K, used 12436K [0x00000000c0000000, 0x00000000c2480000, 0x00000000eab00000)
  object space 37376K, 33% used [0x00000000c0000000,0x00000000c0c251c0,0x00000000c2480000)
 Metaspace       used 34508K, capacity 35246K, committed 35416K, reserved 1079296K
  class space    used 4658K, capacity 4880K, committed 4952K, reserved 1048576K
Event: 80.480 GC heap after
Heap after GC invocations=8 (full 1):
 PSYoungGen      total 138240K, used 10729K [0x00000000eab00000, 0x00000000fa900000, 0x0000000100000000)
  eden space 127488K, 0% used [0x00000000eab00000,0x00000000eab00000,0x00000000f2780000)
  from space 10752K, 99% used [0x00000000f2780000,0x00000000f31fa5a0,0x00000000f3200000)
  to   space 13824K, 0% used [0x00000000f9b80000,0x00000000f9b80000,0x00000000fa900000)
 ParOldGen       total 37376K, used 15493K [0x00000000c0000000, 0x00000000c2480000, 0x00000000eab00000)
  object space 37376K, 41% used [0x00000000c0000000,0x00000000c0f214b8,0x00000000c2480000)
 Metaspace       used 34508K, capacity 35246K, committed 35416K, reserved 1079296K
  class space    used 4658K, capacity 4880K, committed 4952K, reserved 1048576K
}
Event: 80.481 GC heap before
{Heap before GC invocations=9 (full 2):
 PSYoungGen      total 138240K, used 10729K [0x00000000eab00000, 0x00000000fa900000, 0x0000000100000000)
  eden space 127488K, 0% used [0x00000000eab00000,0x00000000eab00000,0x00000000f2780000)
  from space 10752K, 99% used [0x00000000f2780000,0x00000000f31fa5a0,0x00000000f3200000)
  to   space 13824K, 0% used [0x00000000f9b80000,0x00000000f9b80000,0x00000000fa900000)
 ParOldGen       total 37376K, used 15493K [0x00000000c0000000, 0x00000000c2480000, 0x00000000eab00000)
  object space 37376K, 41% used [0x00000000c0000000,0x00000000c0f214b8,0x00000000c2480000)
 Metaspace       used 34508K, capacity 35246K, committed 35416K, reserved 1079296K
  class space    used 4658K, capacity 4880K, committed 4952K, reserved 1048576K
Event: 81.026 GC heap after
Heap after GC invocations=9 (full 2):
 PSYoungGen      total 138240K, used 0K [0x00000000eab00000, 0x00000000fa900000, 0x0000000100000000)
  eden space 127488K, 0% used [0x00000000eab00000,0x00000000eab00000,0x00000000f2780000)
  from space 10752K, 0% used [0x00000000f2780000,0x00000000f2780000,0x00000000f3200000)
  to   space 13824K, 0% used [0x00000000f9b80000,0x00000000f9b80000,0x00000000fa900000)
 ParOldGen       total 47104K, used 19649K [0x00000000c0000000, 0x00000000c2e00000, 0x00000000eab00000)
  object space 47104K, 41% used [0x00000000c0000000,0x00000000c13307d8,0x00000000c2e00000)
 Metaspace       used 34504K, capacity 35240K, committed 35416K, reserved 1079296K
  class space    used 4657K, capacity 4878K, committed 4952K, reserved 1048576K
}

